0 info it worked if it ends with ok
1 verbose cli [ 'C:\\Program Files\\nodejs\\node.exe',
1 verbose cli   'C:\\Program Files\\nodejs\\node_modules\\npm\\bin\\npm-cli.js',
1 verbose cli   'start' ]
2 info using npm@3.8.9
3 info using node@v6.2.0
4 verbose run-script [ 'prestart', 'start', 'poststart' ]
5 info lifecycle retailapp@1.0.0~prestart: retailapp@1.0.0
6 silly lifecycle retailapp@1.0.0~prestart: no script for prestart, continuing
7 info lifecycle retailapp@1.0.0~start: retailapp@1.0.0
8 verbose lifecycle retailapp@1.0.0~start: unsafe-perm in lifecycle true
9 verbose lifecycle retailapp@1.0.0~start: PATH: C:\Program Files\nodejs\node_modules\npm\bin\node-gyp-bin;F:\samplenodeapp\node_modules\.bin;C:\Program Files\nodejs;C:\Program Files (x86)\IBM\WebSphere MQ\java\lib;C:\Program Files (x86)\IBM\WebSphere MQ\java\lib64;C:\ProgramData\Oracle\Java\javapath;C:\Windows\system32;C:\Windows;C:\Windows\System32\Wbem;C:\Windows\System32\WindowsPowerShell\v1.0\;C:\IBM\SQLLIB\BIN;C:\IBM\SQLLIB\FUNCTION;C:\IBM\SQLLIB\SAMPLES\REPL;C:\Program Files\VisualSVN Server\bin;C:\Program Files (x86)\IBM\WebSphere MQ\bin64;C:\Program Files (x86)\IBM\WebSphere MQ\bin;C:\Program Files (x86)\IBM\WebSphere MQ\tools\c\samples\bin;C:\Program Files\nodejs\;C:\Program Files\CloudFoundry;C:\opscode\chefdk\bin\;C:\Program Files (x86)\PuTTY\;C:\Program Files\Git\cmd;C:\Program Files (x86)\Java\jdk1.8.0_74\bin;C:\Program Files\Cloud Foundry;C:\HashiCorp\Vagrant\bin;C:\Program Files\IBM\Bluemix\bin;C:\Users\Miracle\AppData\Roaming\npm;C:\Program Files (x86)\Java\jdk1.8.0_74\bin;C:\HashiCorp\Vagrant\bin;C:\Program Files\Docker Toolbox
10 verbose lifecycle retailapp@1.0.0~start: CWD: F:\samplenodeapp
11 silly lifecycle retailapp@1.0.0~start: Args: [ '/d /s /c', 'node server.js' ]
12 silly lifecycle retailapp@1.0.0~start: Returned: code: 1  signal: null
13 info lifecycle retailapp@1.0.0~start: Failed to exec start script
14 verbose stack Error: retailapp@1.0.0 start: `node server.js`
14 verbose stack Exit status 1
14 verbose stack     at EventEmitter.<anonymous> (C:\Program Files\nodejs\node_modules\npm\lib\utils\lifecycle.js:245:16)
14 verbose stack     at emitTwo (events.js:106:13)
14 verbose stack     at EventEmitter.emit (events.js:191:7)
14 verbose stack     at ChildProcess.<anonymous> (C:\Program Files\nodejs\node_modules\npm\lib\utils\spawn.js:24:14)
14 verbose stack     at emitTwo (events.js:106:13)
14 verbose stack     at ChildProcess.emit (events.js:191:7)
14 verbose stack     at maybeClose (internal/child_process.js:850:16)
14 verbose stack     at Process.ChildProcess._handle.onexit (internal/child_process.js:215:5)
15 verbose pkgid retailapp@1.0.0
16 verbose cwd F:\samplenodeapp
17 error Windows_NT 6.1.7601
18 error argv "C:\\Program Files\\nodejs\\node.exe" "C:\\Program Files\\nodejs\\node_modules\\npm\\bin\\npm-cli.js" "start"
19 error node v6.2.0
20 error npm  v3.8.9
21 error code ELIFECYCLE
22 error retailapp@1.0.0 start: `node server.js`
22 error Exit status 1
23 error Failed at the retailapp@1.0.0 start script 'node server.js'.
23 error Make sure you have the latest version of node.js and npm installed.
23 error If you do, this is most likely a problem with the retailapp package,
23 error not with npm itself.
23 error Tell the author that this fails on your system:
23 error     node server.js
23 error You can get information on how to open an issue for this project with:
23 error     npm bugs retailapp
23 error Or if that isn't available, you can get their info via:
23 error     npm owner ls retailapp
23 error There is likely additional logging output above.
24 verbose exit [ 1, true ]
